Using pre-set license
Built from '2020.3/staging' branch; Version is '2020.3.5f1 (8095aa901b9b) revision 8426922'; Using compiler version '192528614'; Build Type 'Release'
OS: 'Windows 10 Education; OS build 19044.1288; Version 2009; 64bit' Language: 'en' Physical Memory: 32593 MB
BatchMode: 1, IsHumanControllingUs: 0, StartBugReporterOnCrash: 0, Is64bit: 1, IsPro: 0

 COMMAND LINE ARGUMENTS:
C:\Program Files\Unity\Hub\Editor\2020.3.5f1\Editor\Unity.exe
-adb2
-batchMode
-noUpm
-name
AssetImportWorker0
-projectPath
C:/Users/s219010/Terrain-New/Terrain Project
-logFile
Logs/AssetImportWorker0.log
-srvPort
58270
Successfully changed project path to: C:/Users/s219010/Terrain-New/Terrain Project
C:/Users/s219010/Terrain-New/Terrain Project
Using Asset Import Pipeline V2.
Refreshing native plugins compatible for Editor in 29.19 ms, found 0 plugins.
Preloading 0 native plugins for Editor in 0.00 ms.
Initialize engine version: 2020.3.5f1 (8095aa901b9b)
[Subsystems] Discovering subsystems at path C:/Program Files/Unity/Hub/Editor/2020.3.5f1/Editor/Data/Resources/UnitySubsystems
[Subsystems] Discovering subsystems at path C:/Users/s219010/Terrain-New/Terrain Project/Assets
GfxDevice: creating device client; threaded=0
Direct3D:
    Version:  Direct3D 11.0 [level 11.1]
    Renderer: NVIDIA GeForce GTX 960 (ID=0x1401)
    Vendor:   
    VRAM:     2007 MB
    Driver:   30.0.14.9676
Initialize mono
Mono path[0] = 'C:/Program Files/Unity/Hub/Editor/2020.3.5f1/Editor/Data/Managed'
Mono path[1] = 'C:/Program Files/Unity/Hub/Editor/2020.3.5f1/Editor/Data/MonoBleedingEdge/lib/mono/unityjit'
Mono config path = 'C:/Program Files/Unity/Hub/Editor/2020.3.5f1/Editor/Data/MonoBleedingEdge/etc'
Using monoOptions --debugger-agent=transport=dt_socket,embedding=1,server=y,suspend=n,address=127.0.0.1:56396
Begin MonoManager ReloadAssembly
Registering precompiled unity dll's ...
Register platform support module: C:/Program Files/Unity/Hub/Editor/2020.3.5f1/Editor/Data/PlaybackEngines/WebGLSupport/UnityEditor.WebGL.Extensions.dll
Register platform support module: C:/Program Files/Unity/Hub/Editor/2020.3.5f1/Editor/Data/PlaybackEngines/WindowsStandaloneSupport/UnityEditor.WindowsStandalone.Extensions.dll
Registered in 0.002532 seconds.
Native extension for WindowsStandalone target not found
Native extension for WebGL target not found
Refreshing native plugins compatible for Editor in 24.96 ms, found 0 plugins.
Preloading 0 native plugins for Editor in 0.00 ms.
Mono: successfully reloaded assembly
- Completed reload, in  2.383 seconds
Platform modules already initialized, skipping
Registering precompiled user dll's ...
Registered in 0.000738 seconds.
Begin MonoManager ReloadAssembly
Native extension for WindowsStandalone target not found
Native extension for WebGL target not found
Refreshing native plugins compatible for Editor in 0.26 ms, found 0 plugins.
Preloading 0 native plugins for Editor in 0.00 ms.
Mono: successfully reloaded assembly
- Completed reload, in  1.011 seconds
Platform modules already initialized, skipping
========================================================================
Worker process is ready to serve import requests
Launched and connected shader compiler UnityShaderCompiler.exe after 0.04 seconds
Refreshing native plugins compatible for Editor in 0.32 ms, found 0 plugins.
Preloading 0 native plugins for Editor in 0.00 ms.
Unloading 1116 Unused Serialized files (Serialized files now loaded: 0)
System memory in use before: 69.8 MB.
System memory in use after: 69.8 MB.

Unloading 10 unused Assets to reduce memory usage. Loaded Objects now: 1576.
Total: 2.072600 ms (FindLiveObjects: 0.145000 ms CreateObjectMapping: 0.045000 ms MarkObjects: 1.772000 ms  DeleteObjects: 0.109300 ms)

========================================================================
Received Import Request.
  path: Assets/TerrainTexturesPackFree/TerrainTextures/GrassUV01.png
  artifactKey: Guid(94e5dd2784ae3a44a930dba86cba9f6e) Importer(815301076,1909f56bfc062723c751e8b465ee728b)
Start importing Assets/TerrainTexturesPackFree/TerrainTextures/GrassUV01.png using Guid(94e5dd2784ae3a44a930dba86cba9f6e) Importer(815301076,1909f56bfc062723c751e8b465ee728b)  -> (artifact id: 'f8c42da47d9e8fd27e83db69e8ff7e55') in 0.216265 seconds
  Import took 0.221665 seconds .

========================================================================
Received Import Request.
  Time since last request: 60.970457 seconds.
  path: Assets/Scripts/TerrainPainter.cs
  artifactKey: Guid(d6287cd0b80c10f4c8720ed5b6308f0e) Importer(815301076,1909f56bfc062723c751e8b465ee728b)
Start importing Assets/Scripts/TerrainPainter.cs using Guid(d6287cd0b80c10f4c8720ed5b6308f0e) Importer(815301076,1909f56bfc062723c751e8b465ee728b)  -> (artifact id: '50e0cc0da418cae40ba8997b238362ee') in 0.009591 seconds
  Import took 0.012505 seconds .

========================================================================
Received Import Request.
  Time since last request: 0.039363 seconds.
  path: Assets/Scripts/TerrainPainter.cs
  artifactKey: Guid(d6287cd0b80c10f4c8720ed5b6308f0e) Importer(815301076,1909f56bfc062723c751e8b465ee728b)
Start importing Assets/Scripts/TerrainPainter.cs using Guid(d6287cd0b80c10f4c8720ed5b6308f0e) Importer(815301076,1909f56bfc062723c751e8b465ee728b)  -> (artifact id: '50e0cc0da418cae40ba8997b238362ee') in 0.002518 seconds
  Import took 0.004692 seconds .

========================================================================
Received Prepare
Refreshing native plugins compatible for Editor in 0.84 ms, found 0 plugins.
Preloading 0 native plugins for Editor in 0.00 ms.
Unloading 3 Unused Serialized files (Serialized files now loaded: 0)
System memory in use before: 47.6 MB.
System memory in use after: 47.7 MB.

Unloading 3 unused Assets to reduce memory usage. Loaded Objects now: 1578.
Total: 3.084200 ms (FindLiveObjects: 0.215000 ms CreateObjectMapping: 0.066000 ms MarkObjects: 2.718200 ms  DeleteObjects: 0.083500 ms)

AssetImportWorkerClient::OnTransportError - code=2 error=End of file
