Using pre-set license
Built from '2020.3/staging' branch; Version is '2020.3.5f1 (8095aa901b9b) revision 8426922'; Using compiler version '192528614'; Build Type 'Release'
OS: 'Windows 10 Education; OS build 19044.1288; Version 2009; 64bit' Language: 'en' Physical Memory: 32593 MB
BatchMode: 1, IsHumanControllingUs: 0, StartBugReporterOnCrash: 0, Is64bit: 1, IsPro: 0

 COMMAND LINE ARGUMENTS:
C:\Program Files\Unity\Hub\Editor\2020.3.5f1\Editor\Unity.exe
-adb2
-batchMode
-noUpm
-name
AssetImportWorker0
-projectPath
C:/Users/s219010/Terrain-Project/Terrain Project
-logFile
Logs/AssetImportWorker0.log
-srvPort
60881
Successfully changed project path to: C:/Users/s219010/Terrain-Project/Terrain Project
C:/Users/s219010/Terrain-Project/Terrain Project
Using Asset Import Pipeline V2.
Refreshing native plugins compatible for Editor in 28.48 ms, found 0 plugins.
Preloading 0 native plugins for Editor in 0.00 ms.
Initialize engine version: 2020.3.5f1 (8095aa901b9b)
[Subsystems] Discovering subsystems at path C:/Program Files/Unity/Hub/Editor/2020.3.5f1/Editor/Data/Resources/UnitySubsystems
[Subsystems] Discovering subsystems at path C:/Users/s219010/Terrain-Project/Terrain Project/Assets
GfxDevice: creating device client; threaded=0
Direct3D:
    Version:  Direct3D 11.0 [level 11.1]
    Renderer: NVIDIA GeForce GTX 960 (ID=0x1401)
    Vendor:   
    VRAM:     2007 MB
    Driver:   30.0.14.9676
Initialize mono
Mono path[0] = 'C:/Program Files/Unity/Hub/Editor/2020.3.5f1/Editor/Data/Managed'
Mono path[1] = 'C:/Program Files/Unity/Hub/Editor/2020.3.5f1/Editor/Data/MonoBleedingEdge/lib/mono/unityjit'
Mono config path = 'C:/Program Files/Unity/Hub/Editor/2020.3.5f1/Editor/Data/MonoBleedingEdge/etc'
Using monoOptions --debugger-agent=transport=dt_socket,embedding=1,server=y,suspend=n,address=127.0.0.1:56548
Begin MonoManager ReloadAssembly
Registering precompiled unity dll's ...
Register platform support module: C:/Program Files/Unity/Hub/Editor/2020.3.5f1/Editor/Data/PlaybackEngines/WebGLSupport/UnityEditor.WebGL.Extensions.dll
Register platform support module: C:/Program Files/Unity/Hub/Editor/2020.3.5f1/Editor/Data/PlaybackEngines/WindowsStandaloneSupport/UnityEditor.WindowsStandalone.Extensions.dll
Registered in 0.002659 seconds.
Native extension for WindowsStandalone target not found
Native extension for WebGL target not found
Refreshing native plugins compatible for Editor in 23.83 ms, found 0 plugins.
Preloading 0 native plugins for Editor in 0.00 ms.
Mono: successfully reloaded assembly
- Completed reload, in  2.325 seconds
Platform modules already initialized, skipping
Registering precompiled user dll's ...
Registered in 0.000650 seconds.
Begin MonoManager ReloadAssembly
Native extension for WindowsStandalone target not found
Native extension for WebGL target not found
Refreshing native plugins compatible for Editor in 0.28 ms, found 0 plugins.
Preloading 0 native plugins for Editor in 0.00 ms.
Mono: successfully reloaded assembly
- Completed reload, in  0.909 seconds
Platform modules already initialized, skipping
========================================================================
Worker process is ready to serve import requests
Launched and connected shader compiler UnityShaderCompiler.exe after 0.04 seconds
Refreshing native plugins compatible for Editor in 0.25 ms, found 0 plugins.
Preloading 0 native plugins for Editor in 0.00 ms.
Unloading 1115 Unused Serialized files (Serialized files now loaded: 0)
System memory in use before: 57.1 MB.
System memory in use after: 57.2 MB.

Unloading 10 unused Assets to reduce memory usage. Loaded Objects now: 1557.
Total: 1.792000 ms (FindLiveObjects: 0.145900 ms CreateObjectMapping: 0.044600 ms MarkObjects: 1.498500 ms  DeleteObjects: 0.101600 ms)

========================================================================
Received Import Request.
  path: Assets/Scenes
  artifactKey: Guid(e4ab41d7bc8f6cb49a1d58a6b68e974e) Importer(815301076,1909f56bfc062723c751e8b465ee728b)
Start importing Assets/Scenes using Guid(e4ab41d7bc8f6cb49a1d58a6b68e974e) Importer(815301076,1909f56bfc062723c751e8b465ee728b)  -> (artifact id: '7ef7de3c1162954bb047bb930a6f175d') in 0.008686 seconds
  Import took 0.010885 seconds .

========================================================================
Received Import Request.
  Time since last request: 308.901673 seconds.
  path: Assets/New Terrain.asset
  artifactKey: Guid(98e4ef8225139c740bbda009743c070d) Importer(815301076,1909f56bfc062723c751e8b465ee728b)
Start importing Assets/New Terrain.asset using Guid(98e4ef8225139c740bbda009743c070d) Importer(815301076,1909f56bfc062723c751e8b465ee728b)  -> (artifact id: '79756d62c765002fa71db8a241437742') in 0.037912 seconds
  Import took 0.040488 seconds .

========================================================================
Received Import Request.
  Time since last request: 2.098388 seconds.
  path: Assets
  artifactKey: Guid(00000000000000001000000000000000) Importer(815301076,1909f56bfc062723c751e8b465ee728b)
Start importing Assets using Guid(00000000000000001000000000000000) Importer(815301076,1909f56bfc062723c751e8b465ee728b)  -> (artifact id: 'e4856052512617ee48189cf1d7999900') in 0.006383 seconds
  Import took 0.008586 seconds .

========================================================================
Received Import Request.
  Time since last request: 4.317965 seconds.
  path: Assets/NewBehaviourScript.cs
  artifactKey: Guid(824fc2ca53c088c42beacdc48b31468f) Importer(815301076,1909f56bfc062723c751e8b465ee728b)
Start importing Assets/NewBehaviourScript.cs using Guid(824fc2ca53c088c42beacdc48b31468f) Importer(815301076,1909f56bfc062723c751e8b465ee728b)  -> (artifact id: '4501e22e0dc9ec8021c38479f91fa8c3') in 0.009174 seconds
  Import took 0.011377 seconds .

========================================================================
Received Prepare
Registering precompiled user dll's ...
Registered in 0.000585 seconds.
Begin MonoManager ReloadAssembly
Native extension for WindowsStandalone target not found
Native extension for WebGL target not found
Refreshing native plugins compatible for Editor in 0.25 ms, found 0 plugins.
Preloading 0 native plugins for Editor in 0.00 ms.
Mono: successfully reloaded assembly
- Completed reload, in  0.854 seconds
Platform modules already initialized, skipping
Refreshing native plugins compatible for Editor in 0.25 ms, found 0 plugins.
Preloading 0 native plugins for Editor in 0.00 ms.
Unloading 1111 Unused Serialized files (Serialized files now loaded: 0)
System memory in use before: 57.9 MB.
System memory in use after: 57.5 MB.

Unloading 7 unused Assets to reduce memory usage. Loaded Objects now: 1562.
Total: 2.197700 ms (FindLiveObjects: 0.147700 ms CreateObjectMapping: 0.044200 ms MarkObjects: 1.552100 ms  DeleteObjects: 0.452700 ms)

========================================================================
Received Prepare
Registering precompiled user dll's ...
Registered in 0.000578 seconds.
Begin MonoManager ReloadAssembly
Native extension for WindowsStandalone target not found
Native extension for WebGL target not found
Refreshing native plugins compatible for Editor in 0.26 ms, found 0 plugins.
Preloading 0 native plugins for Editor in 0.00 ms.
Mono: successfully reloaded assembly
- Completed reload, in  0.874 seconds
Platform modules already initialized, skipping
Refreshing native plugins compatible for Editor in 0.25 ms, found 0 plugins.
Preloading 0 native plugins for Editor in 0.00 ms.
Unloading 1110 Unused Serialized files (Serialized files now loaded: 0)
System memory in use before: 57.4 MB.
System memory in use after: 57.5 MB.

Unloading 6 unused Assets to reduce memory usage. Loaded Objects now: 1564.
Total: 1.868500 ms (FindLiveObjects: 0.137800 ms CreateObjectMapping: 0.042700 ms MarkObjects: 1.629000 ms  DeleteObjects: 0.057900 ms)

========================================================================
Received Import Request.
  Time since last request: 11.289972 seconds.
  path: Assets/Textures
  artifactKey: Guid(ff830fbd421c2c145b82d45cc67740ac) Importer(815301076,1909f56bfc062723c751e8b465ee728b)
Start importing Assets/Textures using Guid(ff830fbd421c2c145b82d45cc67740ac) Importer(815301076,1909f56bfc062723c751e8b465ee728b)  -> (artifact id: '1f85fe10c805205bacaae508074a25d8') in 0.008466 seconds
  Import took 0.010740 seconds .

========================================================================
Received Import Request.
  Time since last request: 31.750222 seconds.
  path: Assets/Textures/Base.terrainlayer
  artifactKey: Guid(d5c8ec49d239049449bff66493b5026f) Importer(815301076,1909f56bfc062723c751e8b465ee728b)
Start importing Assets/Textures/Base.terrainlayer using Guid(d5c8ec49d239049449bff66493b5026f) Importer(815301076,1909f56bfc062723c751e8b465ee728b)  -> (artifact id: '761f586013fb1f5b4ad92508b9972729') in 0.052282 seconds
  Import took 0.054482 seconds .

========================================================================
Received Import Request.
  Time since last request: 434.454978 seconds.
  path: Assets/Textures/Base.terrainlayer
  artifactKey: Guid(d5c8ec49d239049449bff66493b5026f) Importer(815301076,1909f56bfc062723c751e8b465ee728b)
Start importing Assets/Textures/Base.terrainlayer using Guid(d5c8ec49d239049449bff66493b5026f) Importer(815301076,1909f56bfc062723c751e8b465ee728b)  -> (artifact id: '6cea23d66494c9c890912946118fa49e') in 0.047820 seconds
  Import took 0.050583 seconds .

========================================================================
Received Import Request.
  Time since last request: 37.508536 seconds.
  path: Assets/New Terrain.asset
  artifactKey: Guid(98e4ef8225139c740bbda009743c070d) Importer(815301076,1909f56bfc062723c751e8b465ee728b)
Start importing Assets/New Terrain.asset using Guid(98e4ef8225139c740bbda009743c070d) Importer(815301076,1909f56bfc062723c751e8b465ee728b)  -> (artifact id: '06d6d4fd58ffa931231d5077123063d5') in 0.029510 seconds
  Import took 0.032259 seconds .

========================================================================
Received Import Request.
  Time since last request: 4.536101 seconds.
  path: Assets/_TerrainAutoUpgrade
  artifactKey: Guid(6890cc6106ed04e4d882c7e34f446fc5) Importer(815301076,1909f56bfc062723c751e8b465ee728b)
Start importing Assets/_TerrainAutoUpgrade using Guid(6890cc6106ed04e4d882c7e34f446fc5) Importer(815301076,1909f56bfc062723c751e8b465ee728b)  -> (artifact id: 'f860de040cb35d3afbc476cc5f92656a') in 0.006220 seconds
  Import took 0.008409 seconds .

========================================================================
Received Import Request.
  Time since last request: 1.867014 seconds.
  path: Assets/TerrainTexturesPackFree
  artifactKey: Guid(91e12baeaf8f2614982a6ac09fac71b8) Importer(815301076,1909f56bfc062723c751e8b465ee728b)
Start importing Assets/TerrainTexturesPackFree using Guid(91e12baeaf8f2614982a6ac09fac71b8) Importer(815301076,1909f56bfc062723c751e8b465ee728b)  -> (artifact id: '45e78ee058abf003ff78763fa512e7e8') in 0.006412 seconds
  Import took 0.008664 seconds .

========================================================================
Received Import Request.
  Time since last request: 1.598803 seconds.
  path: Assets/TerrainTexturesPackFree/TerrainTextures
  artifactKey: Guid(420ce52555ac5fd4581d02d8662ac746) Importer(815301076,1909f56bfc062723c751e8b465ee728b)
Start importing Assets/TerrainTexturesPackFree/TerrainTextures using Guid(420ce52555ac5fd4581d02d8662ac746) Importer(815301076,1909f56bfc062723c751e8b465ee728b)  -> (artifact id: '7ec3917a7cbe45acd47d11e1229c5247') in 0.007437 seconds
  Import took 0.009917 seconds .

========================================================================
Received Import Request.
  Time since last request: 0.888561 seconds.
  path: Assets/TerrainTexturesPackFree/DemoScene
  artifactKey: Guid(daaf684aaa977cb4bb502a01c3040027) Importer(815301076,1909f56bfc062723c751e8b465ee728b)
Start importing Assets/TerrainTexturesPackFree/DemoScene using Guid(daaf684aaa977cb4bb502a01c3040027) Importer(815301076,1909f56bfc062723c751e8b465ee728b)  -> (artifact id: '4eb30fb71ba9447f0aaa51221fdbe1bc') in 0.006846 seconds
  Import took 0.009172 seconds .

========================================================================
Received Import Request.
  Time since last request: 1.237994 seconds.
  path: Assets/TerrainTexturesPackFree/TerrainTextures/GrassUV01.png
  artifactKey: Guid(94e5dd2784ae3a44a930dba86cba9f6e) Importer(815301076,1909f56bfc062723c751e8b465ee728b)
Start importing Assets/TerrainTexturesPackFree/TerrainTextures/GrassUV01.png using Guid(94e5dd2784ae3a44a930dba86cba9f6e) Importer(815301076,1909f56bfc062723c751e8b465ee728b)  -> (artifact id: '0c478430d022275b4f1fab6309d4573c') in 0.154828 seconds
  Import took 0.160078 seconds .

========================================================================
Received Import Request.
  Time since last request: 0.000237 seconds.
  path: Assets/TerrainTexturesPackFree/TerrainTextures/GrassUV02_N.png
  artifactKey: Guid(db6b5112f8b3bcf478707e82ef048e88) Importer(815301076,1909f56bfc062723c751e8b465ee728b)
Start importing Assets/TerrainTexturesPackFree/TerrainTextures/GrassUV02_N.png using Guid(db6b5112f8b3bcf478707e82ef048e88) Importer(815301076,1909f56bfc062723c751e8b465ee728b)  -> (artifact id: '94bc22d666c751481de156ed07379280') in 0.087772 seconds
  Import took 0.095983 seconds .

========================================================================
Received Import Request.
  Time since last request: 0.000227 seconds.
  path: Assets/TerrainTexturesPackFree/TerrainTextures/GroundCracked01_N.png
  artifactKey: Guid(9511ab33cd5f6724f8c31c380a4814af) Importer(815301076,1909f56bfc062723c751e8b465ee728b)
Start importing Assets/TerrainTexturesPackFree/TerrainTextures/GroundCracked01_N.png using Guid(9511ab33cd5f6724f8c31c380a4814af) Importer(815301076,1909f56bfc062723c751e8b465ee728b)  -> (artifact id: 'ebd68a98cd7070f7f8b95a7d58614221') in 0.017561 seconds
  Import took 0.019862 seconds .

========================================================================
Received Import Request.
  Time since last request: 0.000222 seconds.
  path: Assets/TerrainTexturesPackFree/TerrainTextures/GroundStones01.png
  artifactKey: Guid(17405fba9d20b47408239b3e82d60232) Importer(815301076,1909f56bfc062723c751e8b465ee728b)
Start importing Assets/TerrainTexturesPackFree/TerrainTextures/GroundStones01.png using Guid(17405fba9d20b47408239b3e82d60232) Importer(815301076,1909f56bfc062723c751e8b465ee728b)  -> (artifact id: 'f808d8b87ced3364728613cfe2c994f4') in 0.026506 seconds
  Import took 0.030016 seconds .

========================================================================
Received Import Request.
  Time since last request: 0.000191 seconds.
  path: Assets/TerrainTexturesPackFree/TerrainTextures/GroundStones01_N.png
  artifactKey: Guid(63312008529ed1d4bab4d57c204bae7a) Importer(815301076,1909f56bfc062723c751e8b465ee728b)
Start importing Assets/TerrainTexturesPackFree/TerrainTextures/GroundStones01_N.png using Guid(63312008529ed1d4bab4d57c204bae7a) Importer(815301076,1909f56bfc062723c751e8b465ee728b)  -> (artifact id: 'd7ab70134db86b5e4d7df0b180576d53') in 0.027532 seconds
  Import took 0.031308 seconds .

========================================================================
Received Import Request.
  Time since last request: 0.000223 seconds.
  path: Assets/TerrainTexturesPackFree/TerrainTextures/GroundDryLeaves01_N.png
  artifactKey: Guid(e39dfb80d9815f14da82c65960519b23) Importer(815301076,1909f56bfc062723c751e8b465ee728b)
Start importing Assets/TerrainTexturesPackFree/TerrainTextures/GroundDryLeaves01_N.png using Guid(e39dfb80d9815f14da82c65960519b23) Importer(815301076,1909f56bfc062723c751e8b465ee728b)  -> (artifact id: '11cb0f2b0d4e99ec3bf650105c202c2e') in 0.025049 seconds
  Import took 0.028579 seconds .

========================================================================
Received Import Request.
  Time since last request: 0.000197 seconds.
  path: Assets/TerrainTexturesPackFree/TerrainTextures/GrassUV02.png
  artifactKey: Guid(bafadcf258df85b4686863cbaa688fba) Importer(815301076,1909f56bfc062723c751e8b465ee728b)
Start importing Assets/TerrainTexturesPackFree/TerrainTextures/GrassUV02.png using Guid(bafadcf258df85b4686863cbaa688fba) Importer(815301076,1909f56bfc062723c751e8b465ee728b)  -> (artifact id: '13d1fc89d75f1b68882ac5db98325936') in 0.037512 seconds
  Import took 0.042446 seconds .

========================================================================
Received Import Request.
  Time since last request: 0.000209 seconds.
  path: Assets/TerrainTexturesPackFree/TerrainTextures/GroundDryLeaves01.png
  artifactKey: Guid(3f893818068c13c498261af150bea6f3) Importer(815301076,1909f56bfc062723c751e8b465ee728b)
Start importing Assets/TerrainTexturesPackFree/TerrainTextures/GroundDryLeaves01.png using Guid(3f893818068c13c498261af150bea6f3) Importer(815301076,1909f56bfc062723c751e8b465ee728b)  -> (artifact id: '6eabf2d631645ce4574842ae0abe0904') in 0.026929 seconds
  Import took 0.030355 seconds .

========================================================================
Received Import Request.
  Time since last request: 0.000208 seconds.
  path: Assets/TerrainTexturesPackFree/TerrainTextures/GroundCracked01.png
  artifactKey: Guid(a87cbf62329d56d4681d92302095915c) Importer(815301076,1909f56bfc062723c751e8b465ee728b)
Start importing Assets/TerrainTexturesPackFree/TerrainTextures/GroundCracked01.png using Guid(a87cbf62329d56d4681d92302095915c) Importer(815301076,1909f56bfc062723c751e8b465ee728b)  -> (artifact id: 'cb37aff62d00032fa640019f97cf1dd2') in 0.012901 seconds
  Import took 0.014973 seconds .

========================================================================
Received Import Request.
  Time since last request: 0.000196 seconds.
  path: Assets/TerrainTexturesPackFree/TerrainTextures/GrassUV01_N.png
  artifactKey: Guid(77f758ad16f6580469ca8f42205f7b78) Importer(815301076,1909f56bfc062723c751e8b465ee728b)
Start importing Assets/TerrainTexturesPackFree/TerrainTextures/GrassUV01_N.png using Guid(77f758ad16f6580469ca8f42205f7b78) Importer(815301076,1909f56bfc062723c751e8b465ee728b)  -> (artifact id: '4a64adffc5ed2005fd48214f199d9101') in 0.063942 seconds
  Import took 0.071617 seconds .

========================================================================
Received Import Request.
  Time since last request: 43.067218 seconds.
  path: Assets/_TerrainAutoUpgrade/layer_GroundStones01GroundStones01_N2023054508611406.terrainlayer
  artifactKey: Guid(097a677293c687f4f86ff7b3a662ed0a) Importer(815301076,1909f56bfc062723c751e8b465ee728b)
Start importing Assets/_TerrainAutoUpgrade/layer_GroundStones01GroundStones01_N2023054508611406.terrainlayer using Guid(097a677293c687f4f86ff7b3a662ed0a) Importer(815301076,1909f56bfc062723c751e8b465ee728b)  -> (artifact id: '5d87a9e1be3c82e6cbc34cdd4a7b0ee4') in 0.042719 seconds
  Import took 0.050711 seconds .

========================================================================
Received Import Request.
  Time since last request: 227.352587 seconds.
  path: Assets/New Terrain.asset
  artifactKey: Guid(98e4ef8225139c740bbda009743c070d) Importer(815301076,1909f56bfc062723c751e8b465ee728b)
Start importing Assets/New Terrain.asset using Guid(98e4ef8225139c740bbda009743c070d) Importer(815301076,1909f56bfc062723c751e8b465ee728b)  -> (artifact id: '1694d7d1eb5b72d53674df2f22acdc4e') in 0.014278 seconds
  Import took 0.016683 seconds .

========================================================================
Received Import Request.
  Time since last request: 6.450343 seconds.
  path: Assets/Scripts.cs
  artifactKey: Guid(2bfa48a4831407c49acfdf36e017e394) Importer(815301076,1909f56bfc062723c751e8b465ee728b)
Start importing Assets/Scripts.cs using Guid(2bfa48a4831407c49acfdf36e017e394) Importer(815301076,1909f56bfc062723c751e8b465ee728b)  -> (artifact id: '70f9a529a922c66294c0aafd2e80e580') in 0.006213 seconds
  Import took 0.008394 seconds .

========================================================================
Received Prepare
Registering precompiled user dll's ...
Registered in 0.000573 seconds.
Begin MonoManager ReloadAssembly
Native extension for WindowsStandalone target not found
Native extension for WebGL target not found
Refreshing native plugins compatible for Editor in 0.27 ms, found 0 plugins.
Preloading 0 native plugins for Editor in 0.00 ms.
Mono: successfully reloaded assembly
- Completed reload, in  0.869 seconds
Platform modules already initialized, skipping
Refreshing native plugins compatible for Editor in 0.27 ms, found 0 plugins.
Preloading 0 native plugins for Editor in 0.00 ms.
Unloading 1111 Unused Serialized files (Serialized files now loaded: 0)
System memory in use before: 61.1 MB.
System memory in use after: 60.6 MB.

Unloading 8 unused Assets to reduce memory usage. Loaded Objects now: 1576.
Total: 2.098400 ms (FindLiveObjects: 0.132400 ms CreateObjectMapping: 0.042700 ms MarkObjects: 1.486300 ms  DeleteObjects: 0.436000 ms)

========================================================================
Received Prepare
Registering precompiled user dll's ...
Registered in 0.000937 seconds.
Begin MonoManager ReloadAssembly
Native extension for WindowsStandalone target not found
Native extension for WebGL target not found
Refreshing native plugins compatible for Editor in 0.25 ms, found 0 plugins.
Preloading 0 native plugins for Editor in 0.00 ms.
Mono: successfully reloaded assembly
- Completed reload, in  0.848 seconds
Platform modules already initialized, skipping
Refreshing native plugins compatible for Editor in 0.25 ms, found 0 plugins.
Preloading 0 native plugins for Editor in 0.00 ms.
Unloading 1110 Unused Serialized files (Serialized files now loaded: 0)
System memory in use before: 60.5 MB.
System memory in use after: 60.6 MB.

Unloading 6 unused Assets to reduce memory usage. Loaded Objects now: 1578.
Total: 1.946100 ms (FindLiveObjects: 0.138800 ms CreateObjectMapping: 0.041700 ms MarkObjects: 1.702600 ms  DeleteObjects: 0.061900 ms)

========================================================================
Received Import Request.
  Time since last request: 23.593401 seconds.
  path: Assets/Scripts
  artifactKey: Guid(8fee2d9b00f630e49baaff6a1103a52a) Importer(815301076,1909f56bfc062723c751e8b465ee728b)
Start importing Assets/Scripts using Guid(8fee2d9b00f630e49baaff6a1103a52a) Importer(815301076,1909f56bfc062723c751e8b465ee728b)  -> (artifact id: 'e560bacc18d1fe84d06581fceef6977c') in 0.004296 seconds
  Import took 0.006536 seconds .

========================================================================
Received Import Request.
  Time since last request: 9.667263 seconds.
  path: Assets/Scripts/TerrainPainter.cs
  artifactKey: Guid(d6287cd0b80c10f4c8720ed5b6308f0e) Importer(815301076,1909f56bfc062723c751e8b465ee728b)
Start importing Assets/Scripts/TerrainPainter.cs using Guid(d6287cd0b80c10f4c8720ed5b6308f0e) Importer(815301076,1909f56bfc062723c751e8b465ee728b)  -> (artifact id: '5a87b862fadaa83601061c66696603ff') in 0.006139 seconds
  Import took 0.008484 seconds .

========================================================================
Received Prepare
Registering precompiled user dll's ...
Registered in 0.000602 seconds.
Begin MonoManager ReloadAssembly
Native extension for WindowsStandalone target not found
Native extension for WebGL target not found
Refreshing native plugins compatible for Editor in 0.25 ms, found 0 plugins.
Preloading 0 native plugins for Editor in 0.00 ms.
Mono: successfully reloaded assembly
- Completed reload, in  0.894 seconds
Platform modules already initialized, skipping
Refreshing native plugins compatible for Editor in 0.26 ms, found 0 plugins.
Preloading 0 native plugins for Editor in 0.00 ms.
Unloading 1111 Unused Serialized files (Serialized files now loaded: 0)
System memory in use before: 60.5 MB.
System memory in use after: 60.6 MB.

Unloading 5 unused Assets to reduce memory usage. Loaded Objects now: 1582.
Total: 1.687000 ms (FindLiveObjects: 0.140900 ms CreateObjectMapping: 0.042600 ms MarkObjects: 1.439900 ms  DeleteObjects: 0.062600 ms)

========================================================================
Received Prepare
Registering precompiled user dll's ...
Registered in 0.000681 seconds.
Begin MonoManager ReloadAssembly
Native extension for WindowsStandalone target not found
Native extension for WebGL target not found
Refreshing native plugins compatible for Editor in 0.27 ms, found 0 plugins.
Preloading 0 native plugins for Editor in 0.00 ms.
Mono: successfully reloaded assembly
- Completed reload, in  0.856 seconds
Platform modules already initialized, skipping
Refreshing native plugins compatible for Editor in 0.26 ms, found 0 plugins.
Preloading 0 native plugins for Editor in 0.00 ms.
Unloading 1111 Unused Serialized files (Serialized files now loaded: 0)
System memory in use before: 60.5 MB.
System memory in use after: 60.6 MB.

Unloading 5 unused Assets to reduce memory usage. Loaded Objects now: 1585.
Total: 1.722100 ms (FindLiveObjects: 0.152300 ms CreateObjectMapping: 0.045200 ms MarkObjects: 1.447100 ms  DeleteObjects: 0.076100 ms)

========================================================================
Received Import Request.
  Time since last request: 960.001654 seconds.
  path: Assets/Scripts/TerrainPainter.cs
  artifactKey: Guid(d6287cd0b80c10f4c8720ed5b6308f0e) Importer(815301076,1909f56bfc062723c751e8b465ee728b)
Start importing Assets/Scripts/TerrainPainter.cs using Guid(d6287cd0b80c10f4c8720ed5b6308f0e) Importer(815301076,1909f56bfc062723c751e8b465ee728b)  -> (artifact id: '2dde8e782c08a9796e4cd546c15ca389') in 0.004177 seconds
  Import took 0.006784 seconds .

========================================================================
Received Prepare
Registering precompiled user dll's ...
Registered in 0.000762 seconds.
Begin MonoManager ReloadAssembly
Native extension for WindowsStandalone target not found
Native extension for WebGL target not found
Refreshing native plugins compatible for Editor in 0.25 ms, found 0 plugins.
Preloading 0 native plugins for Editor in 0.00 ms.
Mono: successfully reloaded assembly
- Completed reload, in  0.855 seconds
Platform modules already initialized, skipping
Refreshing native plugins compatible for Editor in 0.28 ms, found 0 plugins.
Preloading 0 native plugins for Editor in 0.00 ms.
Unloading 1111 Unused Serialized files (Serialized files now loaded: 0)
System memory in use before: 60.6 MB.
System memory in use after: 60.6 MB.

Unloading 5 unused Assets to reduce memory usage. Loaded Objects now: 1588.
Total: 1.727300 ms (FindLiveObjects: 0.141100 ms CreateObjectMapping: 0.042600 ms MarkObjects: 1.483200 ms  DeleteObjects: 0.059300 ms)

AssetImportWorkerClient::OnTransportError - code=2 error=End of file
